2021-07-06 22:20:58,197:DEBUG:discord.client: on_ready has successfully been registered as an event
2021-07-06 22:20:58,197:DEBUG:discord.client: on_command_error has successfully been registered as an event
2021-07-06 22:20:58,197:INFO:discord.client: logging in using static token
2021-07-06 22:20:58,552:DEBUG:discord.http: GET https://discord.com/api/v7/users/@me with None has returned 200
2021-07-06 22:20:58,556:DEBUG:discord.http: GET https://discord.com/api/v7/users/@me has received {'id': '859257396797898752', 'username': 'Get Your Bands Up', 'avatar': 'baf1f9b7228579ba9058442e5f5a9029', 'discriminator': '8410', 'public_flags': 0, 'flags': 0, 'bot': True, 'banner': None, 'banner_color': None, 'bio': '', 'locale': 'en-US', 'mfa_enabled': True, 'email': None, 'verified': True}
2021-07-06 22:20:58,601:DEBUG:discord.http: GET https://discord.com/api/v7/gateway with None has returned 200
2021-07-06 22:20:58,601:DEBUG:discord.http: GET https://discord.com/api/v7/gateway has received {'url': 'wss://gateway.discord.gg'}
2021-07-06 22:20:58,791:DEBUG:discord.gateway: Created websocket connected to wss://gateway.discord.gg?encoding=json&v=6&compress=zlib-stream
2021-07-06 22:20:58,793:DEBUG:discord.client: Dispatching event socket_raw_receive
2021-07-06 22:20:58,793:DEBUG:discord.gateway: For Shard ID None: WebSocket Event: {'t': None, 's': None, 'op': 10, 'd': {'heartbeat_interval': 41250, '_trace': ['["gateway-prd-main-xkjh",{"micros":0.0}]']}}
2021-07-06 22:20:58,793:DEBUG:discord.client: Dispatching event socket_response
2021-07-06 22:20:58,794:DEBUG:discord.client: Dispatching event socket_raw_send
2021-07-06 22:20:58,795:DEBUG:discord.client: Dispatching event socket_raw_send
2021-07-06 22:20:58,796:INFO:discord.gateway: Shard ID None has sent the IDENTIFY payload.
2021-07-06 22:20:58,845:DEBUG:discord.client: Dispatching event socket_raw_receive
2021-07-06 22:20:58,846:DEBUG:discord.gateway: For Shard ID None: WebSocket Event: {'t': None, 's': None, 'op': 11, 'd': None}
2021-07-06 22:20:58,846:DEBUG:discord.client: Dispatching event socket_response
2021-07-06 22:20:58,984:DEBUG:discord.client: Dispatching event socket_raw_receive
2021-07-06 22:20:58,984:DEBUG:discord.gateway: For Shard ID None: WebSocket Event: {'t': 'READY', 's': 1, 'op': 0, 'd': {'v': 6, 'user_settings': {}, 'user': {'verified': True, 'username': 'Get Your Bands Up', 'mfa_enabled': True, 'id': '859257396797898752', 'flags': 0, 'email': None, 'discriminator': '8410', 'bot': True, 'avatar': 'baf1f9b7228579ba9058442e5f5a9029'}, 'session_id': '3273addb7fcc1be6efb0dc64433b5e1d', 'relationships': [], 'private_channels': [], 'presences': [], 'guilds': [{'unavailable': True, 'id': '838242487973576776'}], 'guild_join_requests': [], 'geo_ordered_rtc_regions': ['us-east', 'us-central', 'us-south', 'us-west', 'europe'], 'application': {'id': '859257396797898752', 'flags': 262144}, '_trace': ['["gateway-prd-main-xkjh",{"micros":136734,"calls":["discord-sessions-blue-prd-2-159",{"micros":135177,"calls":["start_session",{"micros":90627,"calls":["api-prd-main-h4s7",{"micros":87366,"calls":["get_user",{"micros":9775},"add_authorized_ip",{"micros":10527},"get_guilds",{"micros":22396},"coros_wait",{"micros":1}]}]},"guilds_connect",{"micros":2,"calls":[]},"presence_connect",{"micros":37636,"calls":[]}]}]}]']}}
2021-07-06 22:20:58,985:DEBUG:discord.client: Dispatching event socket_response
2021-07-06 22:20:58,985:INFO:discord.gateway: Shard ID None has connected to Gateway: ["gateway-prd-main-xkjh",{"micros":136734,"calls":["discord-sessions-blue-prd-2-159",{"micros":135177,"calls":["start_session",{"micros":90627,"calls":["api-prd-main-h4s7",{"micros":87366,"calls":["get_user",{"micros":9775},"add_authorized_ip",{"micros":10527},"get_guilds",{"micros":22396},"coros_wait",{"micros":1}]}]},"guilds_connect",{"micros":2,"calls":[]},"presence_connect",{"micros":37636,"calls":[]}]}]}] (Session ID: 3273addb7fcc1be6efb0dc64433b5e1d).
2021-07-06 22:20:59,022:DEBUG:discord.client: Dispatching event connect
2021-07-06 22:20:59,023:DEBUG:discord.client: Dispatching event socket_raw_receive
2021-07-06 22:20:59,023:DEBUG:discord.gateway: For Shard ID None: WebSocket Event: {'t': 'GUILD_CREATE', 's': 2, 'op': 0, 'd': {'preferred_locale': 'en-US', 'max_video_channel_users': 25, 'afk_timeout': 300, 'system_channel_flags': 0, 'features': [], 'public_updates_channel_id': None, 'mfa_level': 0, 'banner': None, 'max_members': 100000, 'owner_id': '343939477527592980', 'voice_states': [], 'vanity_url_code': None, 'nsfw': False, 'lazy': True, 'large': False, 'application_id': None, 'nsfw_level': 0, 'icon': '18b89e086ed80eb712a1fa05434d6dad', 'premium_subscription_count': 0, 'rules_channel_id': None, 'application_command_count': 0, 'member_count': 3, 'presences': [], 'name': 'Bot server', 'roles': [{'position': 0, 'permissions_new': '109625986625', 'permissions': 104320577, 'name': '@everyone', 'mentionable': False, 'managed': False, 'id': '838242487973576776', 'hoist': False, 'color': 0}, {'position': 3, 'permissions_new': '8589410303', 'permissions': 2146959359, 'name': 'bot', 'mentionable': True, 'managed': False, 'id': '839094772966752286', 'hoist': True, 'color': 3066993}, {'position': 1, 'permissions_new': '67161088', 'permissions': 67161088, 'name': 'Everyone', 'mentionable': False, 'managed': False, 'id': '850789807264497744', 'hoist': False, 'color': 15844367}, {'tags': {'bot_id': '838240446646845460'}, 'position': 1, 'permissions_new': '8', 'permissions': 8, 'name': 'test-bot', 'mentionable': False, 'managed': True, 'id': '850801282515075122', 'hoist': False, 'color': 0}, {'tags': {'bot_id': '859257396797898752'}, 'position': 1, 'permissions_new': '8', 'permissions': 8, 'name': 'Get Your Bands Up', 'mentionable': False, 'managed': True, 'id': '859260996450648085', 'hoist': False, 'color': 0}], 'premium_tier': 0, 'channels': [{'type': 4, 'position': 0, 'permission_overwrites': [], 'name': 'Text Channels', 'id': '838242488598134794'}, {'type': 4, 'position': 0, 'permission_overwrites': [], 'name': 'Voice Channels', 'id': '838242488598134795'}, {'type': 0, 'topic': None, 'rate_limit_per_user': 0, 'position': 0, 'permission_overwrites': [], 'parent_id': '838242488598134794', 'name': 'general', 'last_message_id': '862156209842814977', 'id': '838242488598134796'}, {'user_limit': 0, 'type': 2, 'rtc_region': None, 'position': 0, 'permission_overwrites': [], 'parent_id': '838242488598134795', 'name': 'General', 'id': '838242488598134797', 'bitrate': 64000}], 'afk_channel_id': None, 'verification_level': 0, 'system_channel_id': '838242488598134796', 'default_message_notifications': 0, 'members': [{'user': {'username': 'Get Your Bands Up', 'id': '859257396797898752', 'discriminator': '8410', 'bot': True, 'avatar': 'baf1f9b7228579ba9058442e5f5a9029'}, 'roles': ['859260996450648085', '839094772966752286'], 'mute': False, 'joined_at': '2021-06-29T02:36:25.881000+00:00', 'hoisted_role': '839094772966752286', 'deaf': False}], 'splash': None, 'region': 'us-east', 'guild_hashes': {'version': 1, 'roles': {'omitted': False, 'hash': '+VrO/jG//gc'}, 'metadata': {'omitted': False, 'hash': 'ZnTjcDYbEKc'}, 'channels': {'omitted': False, 'hash': 'wwQVaS81vcE'}}, 'explicit_content_filter': 0, 'description': None, 'stage_instances': [], 'emojis': [], 'joined_at': '2021-06-29T02:36:25.881000+00:00', 'unavailable': False, 'threads': [], 'stickers': [], 'id': '838242487973576776', 'discovery_splash': None}}
2021-07-06 22:20:59,023:DEBUG:discord.client: Dispatching event socket_response
2021-07-06 22:20:59,024:DEBUG:discord.client: Dispatching event guild_available
2021-07-06 22:21:01,034:DEBUG:discord.client: Dispatching event ready
2021-07-06 22:21:01,036:DEBUG:discord.gateway: Sending "{"op":3,"d":{"game":{"type":0,"name":"AHHH","timestamps":{}},"afk":false,"since":0.0,"status":"online"}}" to change status
2021-07-06 22:21:01,036:DEBUG:discord.client: Dispatching event socket_raw_send
2021-07-06 22:21:01,288:DEBUG:discord.client: Dispatching event socket_raw_receive
2021-07-06 22:21:01,288:DEBUG:discord.gateway: For Shard ID None: WebSocket Event: {'t': 'MESSAGE_CREATE', 's': 3, 'op': 0, 'd': {'type': 0, 'tts': False, 'timestamp': '2021-07-07T02:21:02.599000+00:00', 'referenced_message': None, 'pinned': False, 'mentions': [], 'mention_roles': [], 'mention_everyone': False, 'member': {'roles': ['859260996450648085', '839094772966752286'], 'mute': False, 'joined_at': '2021-06-29T02:36:25.881000+00:00', 'hoisted_role': '839094772966752286', 'deaf': False}, 'id': '862156226975760384', 'flags': 0, 'embeds': [], 'edited_timestamp': None, 'content': 'Bot is back up!', 'components': [], 'channel_id': '838242488598134796', 'author': {'username': 'Get Your Bands Up', 'public_flags': 0, 'id': '859257396797898752', 'discriminator': '8410', 'bot': True, 'avatar': 'baf1f9b7228579ba9058442e5f5a9029'}, 'attachments': [], 'guild_id': '838242487973576776'}}
2021-07-06 22:21:01,288:DEBUG:discord.client: Dispatching event socket_response
2021-07-06 22:21:01,288:DEBUG:discord.client: Dispatching event message
2021-07-06 22:21:01,306:DEBUG:discord.http: POST https://discord.com/api/v7/channels/838242488598134796/messages with {"content":"Bot is back up!"} has returned 200
2021-07-06 22:21:01,306:DEBUG:discord.http: POST https://discord.com/api/v7/channels/838242488598134796/messages has received {'id': '862156226975760384', 'type': 0, 'content': 'Bot is back up!', 'channel_id': '838242488598134796', 'author': {'id': '859257396797898752', 'username': 'Get Your Bands Up', 'avatar': 'baf1f9b7228579ba9058442e5f5a9029', 'discriminator': '8410', 'public_flags': 0, 'bot': True}, 'attachments': [], 'embeds': [], 'mentions': [], 'mention_roles': [], 'pinned': False, 'mention_everyone': False, 'tts': False, 'timestamp': '2021-07-07T02:21:02.599000+00:00', 'edited_timestamp': None, 'flags': 0, 'components': [], 'referenced_message': None}
2021-07-06 22:21:40,051:DEBUG:discord.gateway: Keeping shard ID None websocket alive with sequence 3.
2021-07-06 22:21:40,134:DEBUG:discord.client: Dispatching event socket_raw_receive
2021-07-06 22:21:40,134:DEBUG:discord.gateway: For Shard ID None: WebSocket Event: {'t': None, 's': None, 'op': 11, 'd': None}
2021-07-06 22:21:40,134:DEBUG:discord.client: Dispatching event socket_response
2021-07-06 22:22:21,306:DEBUG:discord.gateway: Keeping shard ID None websocket alive with sequence 3.
2021-07-06 22:22:21,353:DEBUG:discord.client: Dispatching event socket_raw_receive
2021-07-06 22:22:21,353:DEBUG:discord.gateway: For Shard ID None: WebSocket Event: {'t': None, 's': None, 'op': 11, 'd': None}
2021-07-06 22:22:21,353:DEBUG:discord.client: Dispatching event socket_response
